<?xml version="1.0" encoding="UTF-8"?>
<robot generator="Robot 4.1.3 (Python 3.10.1 on win32)" generated="20220302 20:59:04.580" rpa="false" schemaversion="2">
<suite id="s1" name="Valid Login" source="D:\Automation\assignment\Robot_Demo_Project\test\loginTest\not_using_resources\valid_login.robot">
<test id="s1-t1" name="Valid Login">
<kw name="Open Browser To Login Page">
<kw name="Open Browser" library="SeleniumLibrary">
<arg>${LOGIN URL}</arg>
<arg>${BROWSER}</arg>
<doc>Opens a new browser instance to the optional ``url``.</doc>
<msg timestamp="20220302 20:59:04.821" level="INFO">Opening browser 'Chrome' to base url 'http://localhost:7272'.</msg>
<status status="PASS" starttime="20220302 20:59:04.821" endtime="20220302 20:59:06.305"/>
</kw>
<kw name="Maximize Browser Window" library="SeleniumLibrary">
<doc>Maximizes current browser window.</doc>
<status status="PASS" starttime="20220302 20:59:06.305" endtime="20220302 20:59:06.422"/>
</kw>
<kw name="Title Should Be" library="SeleniumLibrary">
<arg>Login Page</arg>
<doc>Verifies that the current page title equals ``title``.</doc>
<msg timestamp="20220302 20:59:06.427" level="INFO">Page title is 'Login Page'.</msg>
<status status="PASS" starttime="20220302 20:59:06.422" endtime="20220302 20:59:06.427"/>
</kw>
<status status="PASS" starttime="20220302 20:59:04.821" endtime="20220302 20:59:06.427"/>
</kw>
<kw name="Input Username">
<arg>demo</arg>
<kw name="Input Text" library="SeleniumLibrary">
<arg>username_field</arg>
<arg>${username}</arg>
<doc>Types the given ``text`` into the text field identified by ``locator``.</doc>
<msg timestamp="20220302 20:59:06.427" level="INFO">Typing text 'demo' into text field 'username_field'.</msg>
<status status="PASS" starttime="20220302 20:59:06.427" endtime="20220302 20:59:06.565"/>
</kw>
<status status="PASS" starttime="20220302 20:59:06.427" endtime="20220302 20:59:06.565"/>
</kw>
<kw name="Input Password">
<arg>mode</arg>
<kw name="Input Text" library="SeleniumLibrary">
<arg>password_field</arg>
<arg>${password}</arg>
<doc>Types the given ``text`` into the text field identified by ``locator``.</doc>
<msg timestamp="20220302 20:59:06.566" level="INFO">Typing text 'mode' into text field 'password_field'.</msg>
<status status="PASS" starttime="20220302 20:59:06.566" endtime="20220302 20:59:06.651"/>
</kw>
<status status="PASS" starttime="20220302 20:59:06.566" endtime="20220302 20:59:06.651"/>
</kw>
<kw name="Submit Credentials">
<kw name="Click Button" library="SeleniumLibrary">
<arg>login_button</arg>
<doc>Clicks the button identified by ``locator``.</doc>
<msg timestamp="20220302 20:59:06.651" level="INFO">Clicking button 'login_button'.</msg>
<status status="PASS" starttime="20220302 20:59:06.651" endtime="20220302 20:59:07.045"/>
</kw>
<status status="PASS" starttime="20220302 20:59:06.651" endtime="20220302 20:59:07.045"/>
</kw>
<kw name="Welcome Page Should Be Open">
<kw name="Title Should Be" library="SeleniumLibrary">
<arg>Welcome Page</arg>
<doc>Verifies that the current page title equals ``title``.</doc>
<msg timestamp="20220302 20:59:07.054" level="INFO">Page title is 'Welcome Page'.</msg>
<status status="PASS" starttime="20220302 20:59:07.045" endtime="20220302 20:59:07.054"/>
</kw>
<status status="PASS" starttime="20220302 20:59:07.045" endtime="20220302 20:59:07.054"/>
</kw>
<kw name="Close Browser" library="SeleniumLibrary" type="TEARDOWN">
<doc>Closes the current browser.</doc>
<status status="PASS" starttime="20220302 20:59:07.054" endtime="20220302 20:59:09.191"/>
</kw>
<status status="PASS" starttime="20220302 20:59:04.821" endtime="20220302 20:59:09.191"/>
</test>
<doc>Robot Demo using Selenium2Library.</doc>
<status status="PASS" starttime="20220302 20:59:04.588" endtime="20220302 20:59:09.191"/>
</suite>
<statistics>
<total>
<stat pass="1" fail="0" skip="0">All Tests</stat>
</total>
<tag>
</tag>
<suite>
<stat pass="1" fail="0" skip="0" id="s1" name="Valid Login">Valid Login</stat>
</suite>
</statistics>
<errors>
</errors>
</robot>
